#
# There is insufficient memory for the Java Runtime Environment to continue.
# Native memory allocation (mmap) failed to map 132120576 bytes for G1 virtual space
# Possible reasons:
#   The system is out of physical RAM or swap space
#   The process is running with CompressedOops enabled, and the Java Heap may be blocking the growth of the native heap
# Possible solutions:
#   Reduce memory load on the system
#   Increase physical memory or swap space
#   Check if swap backing store is full
#   Decrease Java heap size (-Xmx/-Xms)
#   Decrease number of Java threads
#   Decrease Java thread stack sizes (-Xss)
#   Set larger code cache with -XX:ReservedCodeCacheSize=
#   JVM is running with Unscaled Compressed Oops mode in which the Java heap is
#     placed in the first 4GB address space. The Java Heap base address is the
#     maximum limit for the native heap growth. Please use -XX:HeapBaseMinAddress
#     to set the Java Heap base and to place the Java Heap above 4GB virtual address.
# This output file may be truncated or incomplete.
#
#  Out of Memory Error (os_windows.cpp:3469), pid=8184, tid=4128
#
# JRE version:  (17.0.1+12) (build )
# Java VM: Java HotSpot(TM) 64-Bit Server VM (17.0.1+12-LTS-39, mixed mode, emulated-client, sharing, tiered, compressed oops, compressed class ptrs, g1 gc, windows-amd64)
# No core dump will be written. Minidumps are not enabled by default on client versions of Windows
#

---------------  S U M M A R Y ------------

Command Line: -XX:TieredStopAtLevel=1 -Xverify:none -Dspring.output.ansi.enabled=always -javaagent:C:\Program Files\JetBrains\IntelliJ IDEA 2021.3\lib\idea_rt.jar=61110:C:\Program Files\JetBrains\IntelliJ IDEA 2021.3\bin -Dcom.sun.management.jmxremote -Dspring.jmx.enabled=true -Dspring.liveBeansView.mbeanDomain -Dspring.application.admin.enabled=true -Dfile.encoding=UTF-8 com.example.battle.BattleApplication

Host: Intel(R) Core(TM) i5-4200U CPU @ 1.60GHz, 4 cores, 7G,  Windows 10 , 64 bit Build 18362 (10.0.18362.329)
Time: Tue Jun 21 23:59:19 2022 RTZ 2 (зима) elapsed time: 0.056035 seconds (0d 0h 0m 0s)

---------------  T H R E A D  ---------------

Current thread (0x0000017363b0f620):  JavaThread "Unknown thread" [_thread_in_vm, id=4128, stack(0x00000003eb800000,0x00000003eb900000)]

Stack: [0x00000003eb800000,0x00000003eb900000]
Native frames: (J=compiled Java code, j=interpreted, Vv=VM code, C=native code)
V  [jvm.dll+0x66fa1a]
V  [jvm.dll+0x7ce5a4]
V  [jvm.dll+0x7cfd4e]
V  [jvm.dll+0x7d03b3]
V  [jvm.dll+0x242b05]
V  [jvm.dll+0x66ca39]
V  [jvm.dll+0x661502]
V  [jvm.dll+0x30081b]
V  [jvm.dll+0x307da6]
V  [jvm.dll+0x357a1e]
V  [jvm.dll+0x357c4f]
V  [jvm.dll+0x2d7ad8]
V  [jvm.dll+0x2d8a44]
V  [jvm.dll+0x7a01e1]
V  [jvm.dll+0x365791]
V  [jvm.dll+0x77f6cc]
V  [jvm.dll+0x3e812f]
V  [jvm.dll+0x3e9bd1]
C  [jli.dll+0x527b]
C  [ucrtbase.dll+0x20e72]
C  [KERNEL32.DLL+0x17bd4]
C  [ntdll.dll+0x6ced1]


---------------  P R O C E S S  ---------------

Threads class SMR info:
_java_thread_list=0x00007ffcc05f7818, length=0, elements={
}

Java Threads: ( => current thread )

Other Threads:
  0x0000017363b47d60 GCTaskThread "GC Thread#0" [stack: 0x00000003eb900000,0x00000003eba00000] [id=9832]
  0x0000017363b583b0 ConcurrentGCThread "G1 Main Marker" [stack: 0x00000003eba00000,0x00000003ebb00000] [id=5788]
  0x0000017363b58cd0 ConcurrentGCThread "G1 Conc#0" [stack: 0x00000003ebb00000,0x00000003ebc00000] [id=12016]

[error occurred during error reporting (printing all threads), id 0xc0000005, EXCEPTION_ACCESS_VIOLATION (0xc0000005) at pc=0x00007ffcbfe484b7]

VM state: not at safepoint (not fully initialized)

VM Mutex/Monitor currently owned by a thread:  ([mutex/lock_event])
[0x0000017363b0b690] Heap_lock - owner thread: 0x0000017363b0f620

Heap address: 0x0000000083800000, size: 1992 MB, Compressed Oops mode: 32-bit

CDS archive(s) mapped at: [0x0000000000000000-0x0000000000000000-0x0000000000000000), size 0, SharedBaseAddress: 0x0000000800000000, ArchiveRelocationMode: 0.
Narrow klass base: 0x0000000000000000, Narrow klass shift: 0, Narrow klass range: 0x0

GC Precious Log:
<Empty>

Heap:
 garbage-first heap   total 0K, used 0K [0x0000000083800000, 0x0000000100000000)
  region size 1024K, 0 young (0K), 0 survivors (0K)

[error occurred during error reporting (printing heap information), id 0xc0000005, EXCEPTION_ACCESS_VIOLATION (0xc0000005) at pc=0x00007ffcc0228d89]

GC Heap History (0 events):
No events

Deoptimization events (0 events):
No events

Classes unloaded (0 events):
No events

Classes redefined (0 events):
No events

Internal exceptions (0 events):
No events

VM Operations (0 events):
No events

Events (1 events):
Event: 0.030 Loaded shared library C:\Program Files\Java\jdk-17.0.1\bin\java.dll


Dynamic libraries:
0x00007ff653f20000 - 0x00007ff653f30000 	C:\Program Files\Java\jdk-17.0.1\bin\java.exe
0x00007ffcfd6e0000 - 0x00007ffcfd8d0000 	C:\Windows\SYSTEM32\ntdll.dll
0x00007ffcfbde0000 - 0x00007ffcfbe92000 	C:\Windows\System32\KERNEL32.DLL
0x00007ffcfb430000 - 0x00007ffcfb6d3000 	C:\Windows\System32\KERNELBASE.dll
0x00007ffcfb230000 - 0x00007ffcfb32a000 	C:\Windows\System32\ucrtbase.dll
0x00007ffce5400000 - 0x00007ffce541a000 	C:\Program Files\Java\jdk-17.0.1\bin\VCRUNTIME140.dll
0x00007ffce5420000 - 0x00007ffce5438000 	C:\Program Files\Java\jdk-17.0.1\bin\jli.dll
0x00007ffcfd420000 - 0x00007ffcfd4c3000 	C:\Windows\System32\ADVAPI32.dll
0x00007ffcfb860000 - 0x00007ffcfb8fe000 	C:\Windows\System32\msvcrt.dll
0x00007ffcfd380000 - 0x00007ffcfd417000 	C:\Windows\System32\sechost.dll
0x00007ffcfd580000 - 0x00007ffcfd6a0000 	C:\Windows\System32\RPCRT4.dll
0x00007ffcfbb90000 - 0x00007ffcfbd24000 	C:\Windows\System32\USER32.dll
0x00007ffcfb200000 - 0x00007ffcfb221000 	C:\Windows\System32\win32u.dll
0x00007ffcfb9b0000 - 0x00007ffcfb9d6000 	C:\Windows\System32\GDI32.dll
0x00007ffcfb060000 - 0x00007ffcfb1f4000 	C:\Windows\System32\gdi32full.dll
0x00007ffcfa840000 - 0x00007ffcfa8de000 	C:\Windows\System32\msvcp_win.dll
0x00007ffcdaf50000 - 0x00007ffcdb1d5000 	C:\Windows\WinSxS\amd64_microsoft.windows.common-controls_6595b64144ccf1df_6.0.18362.628_none_e6c6b62f130d50fc\COMCTL32.dll
0x00007ffcfc830000 - 0x00007ffcfcb66000 	C:\Windows\System32\combase.dll
0x00007ffcfb710000 - 0x00007ffcfb790000 	C:\Windows\System32\bcryptPrimitives.dll
0x00007ffcf3910000 - 0x00007ffcf391a000 	C:\Windows\SYSTEM32\VERSION.dll
0x00007ffcfd350000 - 0x00007ffcfd37e000 	C:\Windows\System32\IMM32.DLL
0x00007ffceba80000 - 0x00007ffceba8c000 	C:\Program Files\Java\jdk-17.0.1\bin\vcruntime140_1.dll
0x00007ffcde2e0000 - 0x00007ffcde36d000 	C:\Program Files\Java\jdk-17.0.1\bin\msvcp140.dll
0x00007ffcbfb60000 - 0x00007ffcc071e000 	C:\Program Files\Java\jdk-17.0.1\bin\server\jvm.dll
0x00007ffcfb9a0000 - 0x00007ffcfb9a8000 	C:\Windows\System32\PSAPI.DLL
0x00007ffcd2e10000 - 0x00007ffcd2e19000 	C:\Windows\SYSTEM32\WSOCK32.dll
0x00007ffcfc7c0000 - 0x00007ffcfc82f000 	C:\Windows\System32\WS2_32.dll
0x00007ffcf6d90000 - 0x00007ffcf6db4000 	C:\Windows\SYSTEM32\WINMM.dll
0x00007ffcf6d60000 - 0x00007ffcf6d8d000 	C:\Windows\SYSTEM32\WINMMBASE.dll
0x00007ffcfb3e0000 - 0x00007ffcfb42a000 	C:\Windows\System32\cfgmgr32.dll
0x00007ffcfa5e0000 - 0x00007ffcfa5f1000 	C:\Windows\System32\kernel.appcore.dll
0x00007ffceb8d0000 - 0x00007ffceb8da000 	C:\Program Files\Java\jdk-17.0.1\bin\jimage.dll
0x00007ffcf0060000 - 0x00007ffcf0254000 	C:\Windows\SYSTEM32\DBGHELP.DLL
0x00007ffcf0030000 - 0x00007ffcf005a000 	C:\Windows\SYSTEM32\dbgcore.DLL
0x00007ffce4dd0000 - 0x00007ffce4dde000 	C:\Program Files\Java\jdk-17.0.1\bin\instrument.dll
0x00007ffce5320000 - 0x00007ffce5345000 	C:\Program Files\Java\jdk-17.0.1\bin\java.dll

dbghelp: loaded successfully - version: 4.0.5 - missing functions: none
symbol engine: initialized successfully - sym options: 0x614 - pdb path: .;C:\Program Files\Java\jdk-17.0.1\bin;C:\Windows\SYSTEM32;C:\Windows\WinSxS\amd64_microsoft.windows.common-controls_6595b64144ccf1df_6.0.18362.628_none_e6c6b62f130d50fc;C:\Program Files\Java\jdk-17.0.1\bin\server

VM Arguments:
jvm_args: -XX:TieredStopAtLevel=1 -Xverify:none -Dspring.output.ansi.enabled=always -javaagent:C:\Program Files\JetBrains\IntelliJ IDEA 2021.3\lib\idea_rt.jar=61110:C:\Program Files\JetBrains\IntelliJ IDEA 2021.3\bin -Dcom.sun.management.jmxremote -Dspring.jmx.enabled=true -Dspring.liveBeansView.mbeanDomain -Dspring.application.admin.enabled=true -Dfile.encoding=UTF-8 
java_command: com.example.battle.BattleApplication
java_class_path (initial): C:\Users\evgstrigo\IdeaProjects\battle\target\classes;C:\Users\evgstrigo\.m2\repository\org\springframework\boot\spring-boot-starter-data-jpa\2.7.0\spring-boot-starter-data-jpa-2.7.0.jar;C:\Users\evgstrigo\.m2\repository\org\springframework\boot\spring-boot-starter-aop\2.7.0\spring-boot-starter-aop-2.7.0.jar;C:\Users\evgstrigo\.m2\repository\org\springframework\spring-aop\5.3.20\spring-aop-5.3.20.jar;C:\Users\evgstrigo\.m2\repository\org\aspectj\aspectjweaver\1.9.7\aspectjweaver-1.9.7.jar;C:\Users\evgstrigo\.m2\repository\org\springframework\boot\spring-boot-starter-jdbc\2.7.0\spring-boot-starter-jdbc-2.7.0.jar;C:\Users\evgstrigo\.m2\repository\com\zaxxer\HikariCP\4.0.3\HikariCP-4.0.3.jar;C:\Users\evgstrigo\.m2\repository\org\springframework\spring-jdbc\5.3.20\spring-jdbc-5.3.20.jar;C:\Users\evgstrigo\.m2\repository\jakarta\transaction\jakarta.transaction-api\1.3.3\jakarta.transaction-api-1.3.3.jar;C:\Users\evgstrigo\.m2\repository\jakarta\persistence\jakarta.persistence-api\2.2.3\jakarta.persistence-api-2.2.3.jar;C:\Users\evgstrigo\.m2\repository\org\hibernate\hibernate-core\5.6.9.Final\hibernate-core-5.6.9.Final.jar;C:\Users\evgstrigo\.m2\repository\org\jboss\logging\jboss-logging\3.4.3.Final\jboss-logging-3.4.3.Final.jar;C:\Users\evgstrigo\.m2\repository\net\bytebuddy\byte-buddy\1.12.10\byte-buddy-1.12.10.jar;C:\Users\evgstrigo\.m2\repository\antlr\antlr\2.7.7\antlr-2.7.7.jar;C:\Users\evgstrigo\.m2\repository\org\jboss\jandex\2.4.2.Final\jandex-2.4.2.Final.jar;C:\Users\evgstrigo\.m2\repository\com\fasterxml\classmate\1.5.1\classmate-1.5.1.jar;C:\Users\evgstrigo\.m2\repository\org\hibernate\common\hibernate-commons-annotations\5.1.2.Final\hibernate-commons-annotations-5.1.2.Final.jar;C:\Users\evgstrigo\.m2\repository\org\glassfish\jaxb\jaxb-runtime\2.3.6\jaxb-runtime-2.3.6.jar;C:\Users\evgstrigo\.m2\repository\org\glassfish\jaxb\txw2\2.3.6\txw2-2.3.6.jar;C:\Users\evgstrigo\.m2\repository\com\sun\istack\istack-commons-runtime\3.0.12\ist
Launcher Type: SUN_STANDARD

[Global flags]
     intx CICompilerCount                          = 3                                         {product} {ergonomic}
     uint ConcGCThreads                            = 1                                         {product} {ergonomic}
     uint G1ConcRefinementThreads                  = 4                                         {product} {ergonomic}
   size_t G1HeapRegionSize                         = 1048576                                   {product} {ergonomic}
    uintx GCDrainStackTargetSize                   = 64                                        {product} {ergonomic}
   size_t InitialHeapSize                          = 132120576                                 {product} {ergonomic}
     bool ManagementServer                         = true                                      {product} {command line}
   size_t MarkStackSize                            = 4194304                                   {product} {ergonomic}
   size_t MaxHeapSize                              = 2088763392                                {product} {ergonomic}
   size_t MinHeapDeltaBytes                        = 1048576                                   {product} {ergonomic}
   size_t MinHeapSize                              = 8388608                                   {product} {ergonomic}
    uintx NonProfiledCodeHeapSize                  = 0                                      {pd product} {ergonomic}
     bool ProfileInterpreter                       = false                                  {pd product} {command line}
    uintx ProfiledCodeHeapSize                     = 0                                      {pd product} {ergonomic}
   size_t SoftMaxHeapSize                          = 2088763392                             {manageable} {ergonomic}
     intx TieredStopAtLevel                        = 1                                         {product} {command line}
     bool UseCompressedClassPointers               = true                           {product lp64_product} {ergonomic}
     bool UseCompressedOops                        = true                           {product lp64_product} {ergonomic}
     bool UseG1GC                                  = true                                      {product} {ergonomic}
     bool UseLargePagesIndividualAllocation        = false                                  {pd product} {ergonomic}

Logging:
Log output configuration:
 #0: stdout all=warning uptime,level,tags
 #1: stderr all=off uptime,level,tags

Environment Variables:
PATH=D:\MyDBZaur\dbhomeXE\bin;C:\Program Files\Common Files\Oracle\Java\javapath;C:\Windows\system32;C:\Windows;C:\Windows\System32\Wbem;C:\Windows\System32\WindowsPowerShell\v1.0\;C:\Windows\System32\OpenSSH\;C:\Program Files (x86)\NVIDIA Corporation\PhysX\Common;C:\Program Files\Git\cmd;C:\Program Files\Docker\Docker\resources\bin;C:\ProgramData\DockerDesktop\version-bin;C:\Program Files\MySQL\MySQL Shell 8.0\bin\;C:\Users\evgstrigo\AppData\Local\Microsoft\WindowsApps;
USERNAME=evgstrigo
OS=Windows_NT
PROCESSOR_IDENTIFIER=Intel64 Family 6 Model 69 Stepping 1, GenuineIntel



---------------  S Y S T E M  ---------------

OS:
 Windows 10 , 64 bit Build 18362 (10.0.18362.329)
OS uptime: 9 days 4:27 hours
Hyper-V role detected

CPU: total 4 (initial active 4) (2 cores per cpu, 2 threads per core) family 6 model 69 stepping 1 microcode 0x24, cx8, cmov, fxsr, ht, mmx, sse, sse2, sse3, ssse3, sse4.1, sse4.2, popcnt, lzcnt, tsc, tscinvbit, avx, avx2, aes, erms, clmul, bmi1, bmi2, fma, vzeroupper, clflush, hv

Memory: 4k page, system-wide physical 7962M (410M free)
TotalPageFile size 20601M (AvailPageFile size 96M)
current process WorkingSet (physical memory assigned to process): 10M, peak: 10M
current process commit charge ("private bytes"): 46M, peak: 172M

vm_info: Java HotSpot(TM) 64-Bit Server VM (17.0.1+12-LTS-39) for windows-amd64 JRE (17.0.1+12-LTS-39), built on Sep 27 2021 18:41:35 by "mach5one" with MS VC++ 16.8 (VS2019)

END.
